生成启动时间为 2015/6/8 15:28:26。
     1>项目“E:\project\cow2\cow2\cow2.vcxproj”在节点 2 上(build 个目标)。
     1>InitializeBuildStatus:
         正在创建“Debug\cow2.unsuccessfulbuild”，因为已指定“AlwaysCreate”。
       ClCompile:
         所有输出均为最新。
         E:\Program\vc_2010\VC\bin\CL.exe /c /Zi /nologo /W3 /WX- /Od /Oy- /GL /D WIN32 /D _WINDOWS /D _DEBUG /D _MBCS /Gm- /EHsc /RTC1 /MTd /GS /fp:precise /Zc:wchar_t /Zc:forScope /Yu"StdAfx.h" /Fp"Debug\cow2.pch" /Fo"Debug\\" /Fd"Debug\vc100.pdb" /Gd /TP /analyze- /errorReport:prompt AdoSql.cpp cow2View.cpp
         AdoSql.cpp
         cow2View.cpp
     1>cow2View.cpp(499): warning C4101: “a”: 未引用的局部变量
     1>cow2View.cpp(591): warning C4305: “参数”: 从“int”到“short”截断
     1>cow2View.cpp(591): warning C4309: “参数”: 截断常量值
     1>cow2View.cpp(1057): warning C4996: 'strcpy': This function or variable may be unsafe. Consider using strcpy_s instead. To disable deprecation, use _CRT_SECURE_NO_WARNINGS. See online help for details.
                 E:\Program\vc_2010\VC\include\string.h(105) : 参见“strcpy”的声明
     1>cow2View.cpp(1035): warning C4101: “sendSocket”: 未引用的局部变量
       ResourceCompile:
         所有输出均为最新。
       ManifestResourceCompile:
         所有输出均为最新。
       Link:
         E:\Program\vc_2010\VC\bin\link.exe /ERRORREPORT:PROMPT /OUT:"E:\project\cow2\Debug\cow2.exe" /INCREMENTAL /NOLOGO odbc32.lib /MANIFEST /ManifestFile:"Debug\cow2.exe.intermediate.manifest" /MANIFESTUAC:"level='asInvoker' uiAccess='false'" /DEBUG /PDB:"E:\project\cow2\Debug\cow2.pdb" /SUBSYSTEM:WINDOWS /LTCG /TLBID:1 /DYNAMICBASE /NXCOMPAT /IMPLIB:"E:\project\cow2\Debug\cow2.lib" /MACHINE:X86 Debug\cow2.res
         Debug\cow2.exe.embed.manifest.res
         Debug\AdoSql.obj
         Debug\BeginDlg.obj
         Debug\ClassView.obj
         Debug\cow2.obj
         Debug\cow2Doc.obj
         Debug\cow2View.obj
         Debug\DlgAddNewPort.obj
         Debug\DlgAllUser.obj
         Debug\DlgData.obj
         Debug\DlgDataView.obj
         Debug\DlgDelUser.obj
         Debug\DlgInData.obj
         Debug\DlgOutData.obj
         Debug\DlgOutData2.obj
         Debug\DLGpwd.obj
         Debug\DlgSetGate.obj
         Debug\DlgSetPort.obj
         Debug\DlgSetServer.obj
         Debug\DlgWeb.obj
         Debug\explorer1.obj
         Debug\FileView.obj
         Debug\Global.obj
         Debug\MainFrm.obj
         Debug\mscomm1.obj
         Debug\NewUser.obj
         Debug\OutputWnd.obj
         Debug\PropertiesWnd.obj
         Debug\SplitStr.obj
         Debug\stdafx.obj
         Debug\tchart1.obj
         Debug\ViewTree.obj
     1>LINK : warning LNK4075: 忽略“/INCREMENTAL”(由于“/LTCG”规范)
         正在生成代码
         已完成代码的生成
       Manifest:
         C:\Program Files\Microsoft SDKs\Windows\v7.0A\bin\mt.exe /nologo /verbose /out:"Debug\cow2.exe.embed.manifest" /manifest Debug\cow2.exe.intermediate.manifest E:\Program\vc_2010\VC\Include\Manifest\dpiaware.manifest
         所有输出均为最新。
       LinkEmbedManifest:
         所有输出均为最新。
         cow2.vcxproj -> E:\project\cow2\Debug\cow2.exe
       FinalizeBuildStatus:
         正在删除文件“Debug\cow2.unsuccessfulbuild”。
         正在对“Debug\cow2.lastbuildstate”执行 Touch 任务。
     1>已完成生成项目“E:\project\cow2\cow2\cow2.vcxproj”(build 个目标)的操作。

生成成功。

已用时间 00:00:40.37
