E:\PROJECT\COW2\COW2\DEBUG\ADOSQL.OBJ
E:\PROJECT\COW2\COW2\DEBUG\BEGINDLG.OBJ
E:\project\cow2\cow2\Debug\cl.command.1.tlog
E:\project\cow2\cow2\Debug\CL.read.1.tlog
E:\project\cow2\cow2\Debug\CL.write.1.tlog
E:\PROJECT\COW2\COW2\DEBUG\CLASSVIEW.OBJ
E:\PROJECT\COW2\COW2\DEBUG\COW2.EXE.EMBED.MANIFEST
E:\PROJECT\COW2\COW2\DEBUG\COW2.EXE.EMBED.MANIFEST.RES
E:\PROJECT\COW2\COW2\DEBUG\COW2.EXE.INTERMEDIATE.MANIFEST
E:\PROJECT\COW2\COW2\DEBUG\COW2.OBJ
E:\PROJECT\COW2\COW2\DEBUG\COW2.PCH
E:\PROJECT\COW2\COW2\DEBUG\COW2.RES
E:\project\cow2\cow2\Debug\cow2_manifest.rc
E:\PROJECT\COW2\COW2\DEBUG\COW2DOC.OBJ
E:\PROJECT\COW2\COW2\DEBUG\COW2VIEW.OBJ
E:\PROJECT\COW2\COW2\DEBUG\DLGADDNEWPORT.OBJ
E:\PROJECT\COW2\COW2\DEBUG\DLGALLUSER.OBJ
E:\PROJECT\COW2\COW2\DEBUG\DLGDATA.OBJ
E:\PROJECT\COW2\COW2\DEBUG\DLGDATAVIEW.OBJ
E:\PROJECT\COW2\COW2\DEBUG\DLGDELUSER.OBJ
E:\PROJECT\COW2\COW2\DEBUG\DLGINDATA.OBJ
E:\PROJECT\COW2\COW2\DEBUG\DLGOUTDATA.OBJ
E:\PROJECT\COW2\COW2\DEBUG\DLGOUTDATA2.OBJ
E:\PROJECT\COW2\COW2\DEBUG\DLGPWD.OBJ
E:\PROJECT\COW2\COW2\DEBUG\DLGSETGATE.OBJ
E:\PROJECT\COW2\COW2\DEBUG\DLGSETPORT.OBJ
E:\PROJECT\COW2\COW2\DEBUG\DLGSETSERVER.OBJ
E:\PROJECT\COW2\COW2\DEBUG\DLGWEB.OBJ
E:\PROJECT\COW2\COW2\DEBUG\EXPLORER1.OBJ
E:\PROJECT\COW2\COW2\DEBUG\FILEVIEW.OBJ
E:\PROJECT\COW2\COW2\DEBUG\GLOBAL.OBJ
E:\project\cow2\cow2\Debug\link.command.1.tlog
E:\project\cow2\cow2\Debug\link.read.1.tlog
E:\project\cow2\cow2\Debug\link.write.1.tlog
E:\project\cow2\cow2\Debug\link-cvtres.read.1.tlog
E:\project\cow2\cow2\Debug\link-cvtres.write.1.tlog
E:\PROJECT\COW2\COW2\DEBUG\MAINFRM.OBJ
E:\project\cow2\cow2\Debug\msado15.tlh
E:\project\cow2\cow2\Debug\msado15.tli
E:\PROJECT\COW2\COW2\DEBUG\MSCOMM1.OBJ
E:\project\cow2\cow2\Debug\mt.command.1.tlog
E:\project\cow2\cow2\Debug\mt.read.1.tlog
E:\project\cow2\cow2\Debug\mt.write.1.tlog
E:\PROJECT\COW2\COW2\DEBUG\NEWUSER.OBJ
E:\PROJECT\COW2\COW2\DEBUG\OUTPUTWND.OBJ
E:\PROJECT\COW2\COW2\DEBUG\PROPERTIESWND.OBJ
E:\project\cow2\cow2\Debug\rc.command.1.tlog
E:\project\cow2\cow2\Debug\rc.read.1.tlog
E:\project\cow2\cow2\Debug\rc.write.1.tlog
E:\PROJECT\COW2\COW2\DEBUG\SPLITSTR.OBJ
E:\PROJECT\COW2\COW2\DEBUG\STDAFX.OBJ
E:\PROJECT\COW2\COW2\DEBUG\TCHART1.OBJ
E:\project\cow2\cow2\Debug\teechart5.tlh
E:\project\cow2\cow2\Debug\teechart5.tli
E:\project\cow2\cow2\Debug\vc100.idb
E:\PROJECT\COW2\COW2\DEBUG\VC100.PDB
E:\PROJECT\COW2\COW2\DEBUG\VIEWTREE.OBJ
E:\PROJECT\COW2\DEBUG\COW2.EXE
E:\PROJECT\COW2\DEBUG\COW2.PDB
